{"/Users/prabhas.joshi/code/codecov_jest/hello_world.js": {"path":"/Users/prabhas.joshi/code/codecov_jest/hello_world.js","statementMap":{"0":{"start":{"line":2,"column":4},"end":{"line":6,"column":5}},"1":{"start":{"line":3,"column":6},"end":{"line":3,"column":31}},"2":{"start":{"line":5,"column":6},"end":{"line":5,"column":30}},"3":{"start":{"line":9,"column":0},"end":{"line":9,"column":29}}},"fnMap":{"0":{"name":"hello_world","decl":{"start":{"line":1,"column":9},"end":{"line":1,"column":20}},"loc":{"start":{"line":1,"column":26},"end":{"line":7,"column":1}},"line":1}},"branchMap":{"0":{"loc":{"start":{"line":2,"column":4},"end":{"line":6,"column":5}},"type":"if","locations":[{"start":{"line":2,"column":4},"end":{"line":6,"column":5}},{"start":{"line":2,"column":4},"end":{"line":6,"column":5}}],"line":2}},"s":{"0":2,"1":1,"2":1,"3":1},"f":{"0":2},"b":{"0":[1,1]},"_coverageSchema":"1a1c01bbd47fc00a2c39e90264f33305004495a9","hash":"794ca3b1e25bd76d8217b814e7ba02a1732e13d2"}
}
